<?xml version="1.0" encoding="UTF-8"?>
<testsuite xmlns:xsi="http://www.w3.org/2001/XMLSchema-instance" xsi:noNamespaceSchemaLocation="https://maven.apache.org/surefire/maven-surefire-plugin/xsd/surefire-test-report-3.0.xsd" version="3.0" name="ch.tbz.recipe.planner.mapper.IngredientEntityMapperTest" time="6.976" tests="4" errors="0" skipped="0" failures="0">
  <properties>
[...]
</properties>
  <testcase name="IngredientEntitiesToDomains" classname="ch.tbz.recipe.planner.mapper.IngredientEntityMapperTest" time="0.874">
    <system-out><![CDATA[14:43:51.161 [main] INFO org.springframework.test.context.support.AnnotationConfigContextLoaderUtils -- Could not detect default configuration classes for test class [ch.tbz.recipe.planner.mapper.IngredientEntityMapperTest]: IngredientEntityMapperTest does not declare any static, non-private, non-final, nested classes annotated with @Configuration.
14:43:51.328 [main] INFO org.springframework.boot.test.context.SpringBootTestContextBootstrapper -- Found @SpringBootConfiguration ch.tbz.recipe.planner.RecipePlannerApplication for test class ch.tbz.recipe.planner.mapper.IngredientEntityMapperTest

  .   ____          _            __ _ _
 /\\ / ___'_ __ _ _(_)_ __  __ _ \ \ \ \
( ( )\___ | '_ | '_| | '_ \/ _` | \ \ \ \
 \\/  ___)| |_)| | | | | || (_| |  ) ) ) )
  '  |____| .__|_| |_|_| |_\__, | / / / /
 =========|_|==============|___/=/_/_/_/
 :: Spring Boot ::                (v3.2.1)

2025-01-22T14:43:52.189Z  INFO 1104 --- [           main] c.t.r.p.m.IngredientEntityMapperTest     : Starting IngredientEntityMapperTest using Java 23.0.1 with PID 1104 (started by oscar in C:\Users\oscar\Documents\TBZ\M450_Project\m450project\recipe-planner-fronend-and-backend\recipe-planner-backend)
2025-01-22T14:43:52.191Z  INFO 1104 --- [           main] c.t.r.p.m.IngredientEntityMapperTest     : No active profile set, falling back to 1 default profile: "default"
2025-01-22T14:43:52.978Z  INFO 1104 --- [           main] .s.d.r.c.RepositoryConfigurationDelegate : Bootstrapping Spring Data JPA repositories in DEFAULT mode.
2025-01-22T14:43:53.039Z  INFO 1104 --- [           main] .s.d.r.c.RepositoryConfigurationDelegate : Finished Spring Data repository scanning in 51 ms. Found 1 JPA repository interface.
2025-01-22T14:43:53.534Z  INFO 1104 --- [           main] com.zaxxer.hikari.HikariDataSource       : HikariPool-1 - Starting...
2025-01-22T14:43:53.897Z  INFO 1104 --- [           main] com.zaxxer.hikari.pool.HikariPool        : HikariPool-1 - Added connection conn0: url=jdbc:h2:mem:mydb user=SA
2025-01-22T14:43:53.900Z  INFO 1104 --- [           main] com.zaxxer.hikari.HikariDataSource       : HikariPool-1 - Start completed.
2025-01-22T14:43:53.977Z  INFO 1104 --- [           main] o.hibernate.jpa.internal.util.LogHelper  : HHH000204: Processing PersistenceUnitInfo [name: default]
2025-01-22T14:43:54.068Z  INFO 1104 --- [           main] org.hibernate.Version                    : HHH000412: Hibernate ORM core version 6.4.1.Final
2025-01-22T14:43:54.122Z  INFO 1104 --- [           main] o.h.c.internal.RegionFactoryInitiator    : HHH000026: Second-level cache disabled
2025-01-22T14:43:54.319Z  INFO 1104 --- [           main] o.s.o.j.p.SpringPersistenceUnitInfo      : No LoadTimeWeaver setup: ignoring JPA class transformer
2025-01-22T14:43:55.552Z  INFO 1104 --- [           main] o.h.e.t.j.p.i.JtaPlatformInitiator       : HHH000489: No JTA platform available (set 'hibernate.transaction.jta.platform' to enable JTA platform integration)
2025-01-22T14:43:55.608Z  INFO 1104 --- [           main] j.LocalContainerEntityManagerFactoryBean : Initialized JPA EntityManagerFactory for persistence unit 'default'
2025-01-22T14:43:56.137Z  WARN 1104 --- [           main] JpaBaseConfiguration$JpaWebConfiguration : spring.jpa.open-in-view is enabled by default. Therefore, database queries may be performed during view rendering. Explicitly configure spring.jpa.open-in-view to disable this warning
2025-01-22T14:43:56.488Z  INFO 1104 --- [           main] o.s.b.a.h2.H2ConsoleAutoConfiguration    : H2 console available at '/h2-console'. Database available at 'jdbc:h2:mem:mydb'
2025-01-22T14:43:56.546Z  INFO 1104 --- [           main] c.t.r.p.m.IngredientEntityMapperTest     : Started IngredientEntityMapperTest in 4.776 seconds (process running for 6.517)
2025-01-22T14:43:56.857Z  INFO 1104 --- [           main] c.t.r.planner.RecipePlannerApplication   : RecipeEntity(id=b5f724e6-dab8-4300-a95d-86a5c286a531, name=Lasagne al Forno, description=Lorem ipsum dolor sit amet, consectetur adipiscing elit, sed do eiusmod tempor incididunt ut labore et dolore magna aliqua., imageUrl=https://www.deliciousmagazine.co.uk/wp-content/uploads/2020/01/lasagne.jpg, ingredients=[IngredientEntity(id=da0b5d62-9fcb-4382-ab09-bed0c61534f5, name=Tomato, comment=The big ones, unit=PIECE, amount=5)])
2025-01-22T14:43:56.857Z  INFO 1104 --- [           main] c.t.r.planner.RecipePlannerApplication   : RecipeEntity(id=e8db9028-30f5-4233-8e6d-e44c1b528e7e, name=Spaghetti Bolognese, description=Lorem ipsum dolor sit amet, consectetur adipiscing elit, sed do eiusmod tempor incididunt ut labore et dolore magna aliqua., imageUrl=https://img.taste.com.au/5qlr1PkR/taste/2016/11/spaghetti-bolognese-106560-1.jpeg, ingredients=[IngredientEntity(id=490ec0cd-756e-41b0-b437-2ff0f0d451ea, name=Tomato, comment=The big ones, unit=PIECE, amount=5)])
2025-01-22T14:43:56.857Z  INFO 1104 --- [           main] c.t.r.planner.RecipePlannerApplication   : RecipeEntity(id=991fdd84-4e08-49a5-a65f-7341a79eec8b, name=Fried Rice, description=Lorem ipsum dolor sit amet, consectetur adipiscing elit, sed do eiusmod tempor incididunt ut labore et dolore magna aliqua., imageUrl=https://img.taste.com.au/5qlr1PkR/taste/2016/11/spaghetti-bolognese-106560-1.jpeg, ingredients=[IngredientEntity(id=e4025863-132c-4b81-a126-a71dfe42da04, name=Tomato, comment=The big ones, unit=PIECE, amount=5)])
2025-01-22T14:43:56.858Z  INFO 1104 --- [           main] c.t.r.planner.RecipePlannerApplication   : RecipeEntity(id=71984294-751c-4626-a042-dd8da6a85f53, name=Spaghetti Bolognese, description=Lorem ipsum dolor sit amet, consectetur adipiscing elit, sed do eiusmod tempor incididunt ut labore et dolore magna aliqua., imageUrl=https://recipeimages.migros.ch/crop/v-w-1200-h-630-a-center_center/ac38873942ada8c8154f0da0a748adf486a304d8/pommes-frites-0-16-9.jpg, ingredients=[IngredientEntity(id=38d21d6d-7ae3-4766-83ae-d9329d4459b2, name=Tomato, comment=The big ones, unit=PIECE, amount=5)])
2025-01-22T14:43:56.858Z  INFO 1104 --- [           main] c.t.r.planner.RecipePlannerApplication   : RecipeEntity(id=67370d08-7132-42dd-a8c6-0bd059f62f5b, name=Pommes Frites, description=Lorem ipsum dolor sit amet, consectetur adipiscing elit, sed do eiusmod tempor incididunt ut labore et dolore magna aliqua., imageUrl=https://www.kitchensanctuary.com/wp-content/uploads/2020/04/Chicken-Fried-Rice-square-FS-.jpg, ingredients=[IngredientEntity(id=519ae921-0376-4dd5-88ac-cdf3a8a15ebe, name=Tomato, comment=The big ones, unit=PIECE, amount=5)])
2025-01-22T14:43:56.858Z  INFO 1104 --- [           main] c.t.r.planner.RecipePlannerApplication   : RecipeEntity(id=30e34a2f-2c8b-479c-80cd-db6d167c012f, name=Lasagne al Forno, description=Lorem ipsum dolor sit amet, consectetur adipiscing elit, sed do eiusmod tempor incididunt ut labore et dolore magna aliqua., imageUrl=https://img.taste.com.au/5qlr1PkR/taste/2016/11/spaghetti-bolognese-106560-1.jpeg, ingredients=[IngredientEntity(id=ae3effc7-abe2-46af-b819-bbe8a58eed22, name=Tomato, comment=The big ones, unit=PIECE, amount=5)])
2025-01-22T14:43:56.858Z  INFO 1104 --- [           main] c.t.r.planner.RecipePlannerApplication   : RecipeEntity(id=83f8e03f-96b1-4a2b-93a7-113069788347, name=Spaghetti Bolognese, description=Lorem ipsum dolor sit amet, consectetur adipiscing elit, sed do eiusmod tempor incididunt ut labore et dolore magna aliqua., imageUrl=https://www.deliciousmagazine.co.uk/wp-content/uploads/2020/01/lasagne.jpg, ingredients=[IngredientEntity(id=12fd27c2-b33c-4db3-bb11-bcbd9228b8c7, name=Tomato, comment=The big ones, unit=PIECE, amount=5)])
2025-01-22T14:43:56.858Z  INFO 1104 --- [           main] c.t.r.planner.RecipePlannerApplication   : RecipeEntity(id=b5fff666-5691-40fb-954f-e3962fe4585f, name=Fried Rice, description=Lorem ipsum dolor sit amet, consectetur adipiscing elit, sed do eiusmod tempor incididunt ut labore et dolore magna aliqua., imageUrl=https://www.deliciousmagazine.co.uk/wp-content/uploads/2020/01/lasagne.jpg, ingredients=[IngredientEntity(id=90c6e7c1-c7f1-4d72-9a88-8fab41a6c439, name=Tomato, comment=The big ones, unit=PIECE, amount=5)])
2025-01-22T14:43:56.858Z  INFO 1104 --- [           main] c.t.r.planner.RecipePlannerApplication   : RecipeEntity(id=721e8638-b77e-4ec1-9927-9ff86acbc291, name=Spaghetti Bolognese, description=Lorem ipsum dolor sit amet, consectetur adipiscing elit, sed do eiusmod tempor incididunt ut labore et dolore magna aliqua., imageUrl=https://img.freepik.com/free-photo/grilled-gourmet-burger-with-cheese-tomato-onion-french-fries-generated-by-artificial-intelligence_25030-63181.jpg, ingredients=[IngredientEntity(id=4e3d9a4e-8b5b-4b21-a2b7-f55e4bdef632, name=Tomato, comment=The big ones, unit=PIECE, amount=5)])
2025-01-22T14:43:56.859Z  INFO 1104 --- [           main] c.t.r.planner.RecipePlannerApplication   : RecipeEntity(id=526e8c08-99e8-4f21-bec7-f0ed5ec0ce4f, name=Pommes Frites, description=Lorem ipsum dolor sit amet, consectetur adipiscing elit, sed do eiusmod tempor incididunt ut labore et dolore magna aliqua., imageUrl=https://www.deliciousmagazine.co.uk/wp-content/uploads/2020/01/lasagne.jpg, ingredients=[IngredientEntity(id=cfb47c24-52c5-4ae3-b67f-14e910ce2d92, name=Tomato, comment=The big ones, unit=PIECE, amount=5)])
2025-01-22T14:43:56.859Z  INFO 1104 --- [           main] c.t.r.planner.RecipePlannerApplication   : RecipeEntity(id=f05f5b61-1164-4788-89ef-b10364daf5e2, name=Lasagne al Forno, description=Lorem ipsum dolor sit amet, consectetur adipiscing elit, sed do eiusmod tempor incididunt ut labore et dolore magna aliqua., imageUrl=https://www.kitchensanctuary.com/wp-content/uploads/2020/04/Chicken-Fried-Rice-square-FS-.jpg, ingredients=[IngredientEntity(id=a4700f21-5a78-4c22-b358-b94f747bf2c0, name=Tomato, comment=The big ones, unit=PIECE, amount=5)])
2025-01-22T14:43:56.859Z  INFO 1104 --- [           main] c.t.r.planner.RecipePlannerApplication   : RecipeEntity(id=bdd26571-2bad-4529-ab2e-05bdf8feccd3, name=Spaghetti Bolognese, description=Lorem ipsum dolor sit amet, consectetur adipiscing elit, sed do eiusmod tempor incididunt ut labore et dolore magna aliqua., imageUrl=https://www.deliciousmagazine.co.uk/wp-content/uploads/2020/01/lasagne.jpg, ingredients=[IngredientEntity(id=4c64a893-6a15-4aaf-be49-916e1dba67a6, name=Tomato, comment=The big ones, unit=PIECE, amount=5)])
2025-01-22T14:43:56.859Z  INFO 1104 --- [           main] c.t.r.planner.RecipePlannerApplication   : RecipeEntity(id=f5007488-bb61-4a74-9a25-1f57b2beab42, name=Fried Rice, description=Lorem ipsum dolor sit amet, consectetur adipiscing elit, sed do eiusmod tempor incididunt ut labore et dolore magna aliqua., imageUrl=https://img.freepik.com/free-photo/grilled-gourmet-burger-with-cheese-tomato-onion-french-fries-generated-by-artificial-intelligence_25030-63181.jpg, ingredients=[IngredientEntity(id=82caaafd-a8b6-4e93-8aa1-c692730b0f06, name=Tomato, comment=The big ones, unit=PIECE, amount=5)])
2025-01-22T14:43:56.859Z  INFO 1104 --- [           main] c.t.r.planner.RecipePlannerApplication   : RecipeEntity(id=0028897f-79ea-480b-b05f-cc99a64b738e, name=Spaghetti Bolognese, description=Lorem ipsum dolor sit amet, consectetur adipiscing elit, sed do eiusmod tempor incididunt ut labore et dolore magna aliqua., imageUrl=https://img.freepik.com/free-photo/grilled-gourmet-burger-with-cheese-tomato-onion-french-fries-generated-by-artificial-intelligence_25030-63181.jpg, ingredients=[IngredientEntity(id=2c4adaf7-43cd-4f56-ac5c-eb6870896b61, name=Tomato, comment=The big ones, unit=PIECE, amount=5)])
2025-01-22T14:43:56.859Z  INFO 1104 --- [           main] c.t.r.planner.RecipePlannerApplication   : RecipeEntity(id=176d08fc-a445-4b57-8cb6-4050e8b1dd18, name=Pommes Frites, description=Lorem ipsum dolor sit amet, consectetur adipiscing elit, sed do eiusmod tempor incididunt ut labore et dolore magna aliqua., imageUrl=https://recipeimages.migros.ch/crop/v-w-1200-h-630-a-center_center/ac38873942ada8c8154f0da0a748adf486a304d8/pommes-frites-0-16-9.jpg, ingredients=[IngredientEntity(id=0699cc49-8a72-438e-b709-6f35514223e8, name=Tomato, comment=The big ones, unit=PIECE, amount=5)])
]]></system-out>
    <system-err><![CDATA[WARNING: A Java agent has been loaded dynamically (C:\Users\oscar\.m2\repository\net\bytebuddy\byte-buddy-agent\1.14.10\byte-buddy-agent-1.14.10.jar)
WARNING: If a serviceability tool is in use, please run with -XX:+EnableDynamicAgentLoading to hide this warning
WARNING: If a serviceability tool is not in use, please run with -Djdk.instrument.traceUsage for more information
WARNING: Dynamic loading of agents will be disallowed by default in a future release
]]></system-err>
  </testcase>
  <testcase name="IngredientDomainToEntity" classname="ch.tbz.recipe.planner.mapper.IngredientEntityMapperTest" time="0.106"/>
  <testcase name="IngredientDomainsToEntities" classname="ch.tbz.recipe.planner.mapper.IngredientEntityMapperTest" time="0.002"/>
  <testcase name="IngredientEntityToDomain" classname="ch.tbz.recipe.planner.mapper.IngredientEntityMapperTest" time="0.002"/>
</testsuite>