<?xml version="1.0" encoding="UTF-8"?>
<testsuite xmlns:xsi="http://www.w3.org/2001/XMLSchema-instance" xsi:noNamespaceSchemaLocation="https://maven.apache.org/surefire/maven-surefire-plugin/xsd/surefire-test-report-3.0.xsd" version="3.0" name="ch.tbz.recipe.planner.mapper.IngredientEntityMapperTest" time="7.993" tests="4" errors="0" skipped="0" failures="0">
  <properties>
[...]
</properties>
  <testcase name="IngredientEntitiesToDomains" classname="ch.tbz.recipe.planner.mapper.IngredientEntityMapperTest" time="0.917">
    <system-out><![CDATA[16:13:10.564 [main] INFO org.springframework.test.context.support.AnnotationConfigContextLoaderUtils -- Could not detect default configuration classes for test class [ch.tbz.recipe.planner.mapper.IngredientEntityMapperTest]: IngredientEntityMapperTest does not declare any static, non-private, non-final, nested classes annotated with @Configuration.
16:13:10.781 [main] INFO org.springframework.boot.test.context.SpringBootTestContextBootstrapper -- Found @SpringBootConfiguration ch.tbz.recipe.planner.RecipePlannerApplication for test class ch.tbz.recipe.planner.mapper.IngredientEntityMapperTest

  .   ____          _            __ _ _
 /\\ / ___'_ __ _ _(_)_ __  __ _ \ \ \ \
( ( )\___ | '_ | '_| | '_ \/ _` | \ \ \ \
 \\/  ___)| |_)| | | | | || (_| |  ) ) ) )
  '  |____| .__|_| |_|_| |_\__, | / / / /
 =========|_|==============|___/=/_/_/_/
 :: Spring Boot ::                (v3.2.1)

2025-01-22T16:13:11.786Z  INFO 9728 --- [           main] c.t.r.p.m.IngredientEntityMapperTest     : Starting IngredientEntityMapperTest using Java 23.0.1 with PID 9728 (started by oscar in C:\Users\oscar\Documents\TBZ\M450_Project\m450project\recipe-planner-fronend-and-backend\recipe-planner-backend)
2025-01-22T16:13:11.788Z  INFO 9728 --- [           main] c.t.r.p.m.IngredientEntityMapperTest     : No active profile set, falling back to 1 default profile: "default"
2025-01-22T16:13:12.770Z  INFO 9728 --- [           main] .s.d.r.c.RepositoryConfigurationDelegate : Bootstrapping Spring Data JPA repositories in DEFAULT mode.
2025-01-22T16:13:12.849Z  INFO 9728 --- [           main] .s.d.r.c.RepositoryConfigurationDelegate : Finished Spring Data repository scanning in 67 ms. Found 1 JPA repository interface.
2025-01-22T16:13:13.405Z  INFO 9728 --- [           main] com.zaxxer.hikari.HikariDataSource       : HikariPool-1 - Starting...
2025-01-22T16:13:13.824Z  INFO 9728 --- [           main] com.zaxxer.hikari.pool.HikariPool        : HikariPool-1 - Added connection conn0: url=jdbc:h2:mem:mydb user=SA
2025-01-22T16:13:13.826Z  INFO 9728 --- [           main] com.zaxxer.hikari.HikariDataSource       : HikariPool-1 - Start completed.
2025-01-22T16:13:13.918Z  INFO 9728 --- [           main] o.hibernate.jpa.internal.util.LogHelper  : HHH000204: Processing PersistenceUnitInfo [name: default]
2025-01-22T16:13:14.049Z  INFO 9728 --- [           main] org.hibernate.Version                    : HHH000412: Hibernate ORM core version 6.4.1.Final
2025-01-22T16:13:14.121Z  INFO 9728 --- [           main] o.h.c.internal.RegionFactoryInitiator    : HHH000026: Second-level cache disabled
2025-01-22T16:13:14.333Z  INFO 9728 --- [           main] o.s.o.j.p.SpringPersistenceUnitInfo      : No LoadTimeWeaver setup: ignoring JPA class transformer
2025-01-22T16:13:15.749Z  INFO 9728 --- [           main] o.h.e.t.j.p.i.JtaPlatformInitiator       : HHH000489: No JTA platform available (set 'hibernate.transaction.jta.platform' to enable JTA platform integration)
2025-01-22T16:13:15.808Z  INFO 9728 --- [           main] j.LocalContainerEntityManagerFactoryBean : Initialized JPA EntityManagerFactory for persistence unit 'default'
2025-01-22T16:13:16.413Z  WARN 9728 --- [           main] JpaBaseConfiguration$JpaWebConfiguration : spring.jpa.open-in-view is enabled by default. Therefore, database queries may be performed during view rendering. Explicitly configure spring.jpa.open-in-view to disable this warning
2025-01-22T16:13:16.800Z  INFO 9728 --- [           main] o.s.b.a.h2.H2ConsoleAutoConfiguration    : H2 console available at '/h2-console'. Database available at 'jdbc:h2:mem:mydb'
2025-01-22T16:13:16.852Z  INFO 9728 --- [           main] c.t.r.p.m.IngredientEntityMapperTest     : Started IngredientEntityMapperTest in 5.532 seconds (process running for 7.477)
2025-01-22T16:13:17.180Z  INFO 9728 --- [           main] c.t.r.planner.RecipePlannerApplication   : RecipeEntity(id=b02d3635-58af-42c3-95e6-bdebf3b03e62, name=Lasagne al Forno, description=Lorem ipsum dolor sit amet, consectetur adipiscing elit, sed do eiusmod tempor incididunt ut labore et dolore magna aliqua., imageUrl=https://www.kitchensanctuary.com/wp-content/uploads/2020/04/Chicken-Fried-Rice-square-FS-.jpg, ingredients=[IngredientEntity(id=d22e4bdb-36d9-4939-aa0f-9436a51ef25b, name=Tomato, comment=The big ones, unit=PIECE, amount=5)])
2025-01-22T16:13:17.181Z  INFO 9728 --- [           main] c.t.r.planner.RecipePlannerApplication   : RecipeEntity(id=a06ff497-fe78-450f-80f2-2fcd8d3a6a94, name=Spaghetti Bolognese, description=Lorem ipsum dolor sit amet, consectetur adipiscing elit, sed do eiusmod tempor incididunt ut labore et dolore magna aliqua., imageUrl=https://www.deliciousmagazine.co.uk/wp-content/uploads/2020/01/lasagne.jpg, ingredients=[IngredientEntity(id=ee51ef26-9d2c-44a0-b9c8-3a9bcf0dc70e, name=Tomato, comment=The big ones, unit=PIECE, amount=5)])
2025-01-22T16:13:17.181Z  INFO 9728 --- [           main] c.t.r.planner.RecipePlannerApplication   : RecipeEntity(id=5dca66c7-6664-4652-ba2a-884ad4fd7011, name=Fried Rice, description=Lorem ipsum dolor sit amet, consectetur adipiscing elit, sed do eiusmod tempor incididunt ut labore et dolore magna aliqua., imageUrl=https://www.deliciousmagazine.co.uk/wp-content/uploads/2020/01/lasagne.jpg, ingredients=[IngredientEntity(id=53ae9cf3-83e6-4698-a118-bf2183fd3221, name=Tomato, comment=The big ones, unit=PIECE, amount=5)])
2025-01-22T16:13:17.181Z  INFO 9728 --- [           main] c.t.r.planner.RecipePlannerApplication   : RecipeEntity(id=16bbe8a5-a66e-46b7-8096-bf2103b787ad, name=Spaghetti Bolognese, description=Lorem ipsum dolor sit amet, consectetur adipiscing elit, sed do eiusmod tempor incididunt ut labore et dolore magna aliqua., imageUrl=https://www.kitchensanctuary.com/wp-content/uploads/2020/04/Chicken-Fried-Rice-square-FS-.jpg, ingredients=[IngredientEntity(id=d3d85bbe-295b-486b-ba54-a4a8312c01ab, name=Tomato, comment=The big ones, unit=PIECE, amount=5)])
2025-01-22T16:13:17.181Z  INFO 9728 --- [           main] c.t.r.planner.RecipePlannerApplication   : RecipeEntity(id=80995ee0-e38d-41b5-adf1-3d0edd675415, name=Pommes Frites, description=Lorem ipsum dolor sit amet, consectetur adipiscing elit, sed do eiusmod tempor incididunt ut labore et dolore magna aliqua., imageUrl=https://img.taste.com.au/5qlr1PkR/taste/2016/11/spaghetti-bolognese-106560-1.jpeg, ingredients=[IngredientEntity(id=baefd7ef-ab4f-467e-9b4c-00a7bf0c41e5, name=Tomato, comment=The big ones, unit=PIECE, amount=5)])
2025-01-22T16:13:17.181Z  INFO 9728 --- [           main] c.t.r.planner.RecipePlannerApplication   : RecipeEntity(id=e3431b70-2648-4c3b-9236-7cbda87792e1, name=Lasagne al Forno, description=Lorem ipsum dolor sit amet, consectetur adipiscing elit, sed do eiusmod tempor incididunt ut labore et dolore magna aliqua., imageUrl=https://www.kitchensanctuary.com/wp-content/uploads/2020/04/Chicken-Fried-Rice-square-FS-.jpg, ingredients=[IngredientEntity(id=2c9c4a5c-2216-4795-a66d-f3287f6a4ee9, name=Tomato, comment=The big ones, unit=PIECE, amount=5)])
2025-01-22T16:13:17.181Z  INFO 9728 --- [           main] c.t.r.planner.RecipePlannerApplication   : RecipeEntity(id=d6ddd5d7-c56a-4727-a699-7bd13b6f7730, name=Spaghetti Bolognese, description=Lorem ipsum dolor sit amet, consectetur adipiscing elit, sed do eiusmod tempor incididunt ut labore et dolore magna aliqua., imageUrl=https://recipeimages.migros.ch/crop/v-w-1200-h-630-a-center_center/ac38873942ada8c8154f0da0a748adf486a304d8/pommes-frites-0-16-9.jpg, ingredients=[IngredientEntity(id=61f2dd60-7b54-47c3-b727-1bc3fb884ef0, name=Tomato, comment=The big ones, unit=PIECE, amount=5)])
2025-01-22T16:13:17.181Z  INFO 9728 --- [           main] c.t.r.planner.RecipePlannerApplication   : RecipeEntity(id=72c69873-9b60-468b-956e-ae586eac40f4, name=Fried Rice, description=Lorem ipsum dolor sit amet, consectetur adipiscing elit, sed do eiusmod tempor incididunt ut labore et dolore magna aliqua., imageUrl=https://www.deliciousmagazine.co.uk/wp-content/uploads/2020/01/lasagne.jpg, ingredients=[IngredientEntity(id=3c77f21a-6f24-4ca2-97b2-238f69716eb2, name=Tomato, comment=The big ones, unit=PIECE, amount=5)])
2025-01-22T16:13:17.182Z  INFO 9728 --- [           main] c.t.r.planner.RecipePlannerApplication   : RecipeEntity(id=7ba93421-9aa6-4666-a933-84f96fe83eed, name=Spaghetti Bolognese, description=Lorem ipsum dolor sit amet, consectetur adipiscing elit, sed do eiusmod tempor incididunt ut labore et dolore magna aliqua., imageUrl=https://recipeimages.migros.ch/crop/v-w-1200-h-630-a-center_center/ac38873942ada8c8154f0da0a748adf486a304d8/pommes-frites-0-16-9.jpg, ingredients=[IngredientEntity(id=34a01649-e15b-472d-9532-7a0566dac189, name=Tomato, comment=The big ones, unit=PIECE, amount=5)])
2025-01-22T16:13:17.182Z  INFO 9728 --- [           main] c.t.r.planner.RecipePlannerApplication   : RecipeEntity(id=5406b5d3-4dac-4926-92d1-b2195196d305, name=Pommes Frites, description=Lorem ipsum dolor sit amet, consectetur adipiscing elit, sed do eiusmod tempor incididunt ut labore et dolore magna aliqua., imageUrl=https://recipeimages.migros.ch/crop/v-w-1200-h-630-a-center_center/ac38873942ada8c8154f0da0a748adf486a304d8/pommes-frites-0-16-9.jpg, ingredients=[IngredientEntity(id=7630448c-1bae-4011-8eb1-50f5f84c5788, name=Tomato, comment=The big ones, unit=PIECE, amount=5)])
2025-01-22T16:13:17.182Z  INFO 9728 --- [           main] c.t.r.planner.RecipePlannerApplication   : RecipeEntity(id=f0470e4e-b94d-4b33-9e50-25d4c3fc101c, name=Lasagne al Forno, description=Lorem ipsum dolor sit amet, consectetur adipiscing elit, sed do eiusmod tempor incididunt ut labore et dolore magna aliqua., imageUrl=https://recipeimages.migros.ch/crop/v-w-1200-h-630-a-center_center/ac38873942ada8c8154f0da0a748adf486a304d8/pommes-frites-0-16-9.jpg, ingredients=[IngredientEntity(id=f27fc00c-5527-46f5-88d9-fc99f080ef6a, name=Tomato, comment=The big ones, unit=PIECE, amount=5)])
2025-01-22T16:13:17.182Z  INFO 9728 --- [           main] c.t.r.planner.RecipePlannerApplication   : RecipeEntity(id=37624862-95e8-478c-bb61-9d1b659de9a2, name=Spaghetti Bolognese, description=Lorem ipsum dolor sit amet, consectetur adipiscing elit, sed do eiusmod tempor incididunt ut labore et dolore magna aliqua., imageUrl=https://recipeimages.migros.ch/crop/v-w-1200-h-630-a-center_center/ac38873942ada8c8154f0da0a748adf486a304d8/pommes-frites-0-16-9.jpg, ingredients=[IngredientEntity(id=b9ff1012-eb6e-437a-b1f8-1fe998726c7f, name=Tomato, comment=The big ones, unit=PIECE, amount=5)])
2025-01-22T16:13:17.182Z  INFO 9728 --- [           main] c.t.r.planner.RecipePlannerApplication   : RecipeEntity(id=c5c838b0-15a0-42e1-bb14-1873c72bc191, name=Fried Rice, description=Lorem ipsum dolor sit amet, consectetur adipiscing elit, sed do eiusmod tempor incididunt ut labore et dolore magna aliqua., imageUrl=https://www.kitchensanctuary.com/wp-content/uploads/2020/04/Chicken-Fried-Rice-square-FS-.jpg, ingredients=[IngredientEntity(id=d70aaf6f-d66a-4dc8-a37a-ee0d728034e7, name=Tomato, comment=The big ones, unit=PIECE, amount=5)])
2025-01-22T16:13:17.182Z  INFO 9728 --- [           main] c.t.r.planner.RecipePlannerApplication   : RecipeEntity(id=97e137e7-dfc2-4b96-ac55-2019d453b60f, name=Spaghetti Bolognese, description=Lorem ipsum dolor sit amet, consectetur adipiscing elit, sed do eiusmod tempor incididunt ut labore et dolore magna aliqua., imageUrl=https://img.freepik.com/free-photo/grilled-gourmet-burger-with-cheese-tomato-onion-french-fries-generated-by-artificial-intelligence_25030-63181.jpg, ingredients=[IngredientEntity(id=560f3ed5-2bec-4df7-a648-da0152500823, name=Tomato, comment=The big ones, unit=PIECE, amount=5)])
2025-01-22T16:13:17.182Z  INFO 9728 --- [           main] c.t.r.planner.RecipePlannerApplication   : RecipeEntity(id=2c4dad94-4245-484e-b7ae-dd1de1c68f3a, name=Pommes Frites, description=Lorem ipsum dolor sit amet, consectetur adipiscing elit, sed do eiusmod tempor incididunt ut labore et dolore magna aliqua., imageUrl=https://recipeimages.migros.ch/crop/v-w-1200-h-630-a-center_center/ac38873942ada8c8154f0da0a748adf486a304d8/pommes-frites-0-16-9.jpg, ingredients=[IngredientEntity(id=70fb6bc7-8674-4b97-8de9-0ea6a5b6a560, name=Tomato, comment=The big ones, unit=PIECE, amount=5)])
]]></system-out>
    <system-err><![CDATA[WARNING: A Java agent has been loaded dynamically (C:\Users\oscar\.m2\repository\net\bytebuddy\byte-buddy-agent\1.14.10\byte-buddy-agent-1.14.10.jar)
WARNING: If a serviceability tool is in use, please run with -XX:+EnableDynamicAgentLoading to hide this warning
WARNING: If a serviceability tool is not in use, please run with -Djdk.instrument.traceUsage for more information
WARNING: Dynamic loading of agents will be disallowed by default in a future release
]]></system-err>
  </testcase>
  <testcase name="IngredientDomainToEntity" classname="ch.tbz.recipe.planner.mapper.IngredientEntityMapperTest" time="0.106"/>
  <testcase name="IngredientDomainsToEntities" classname="ch.tbz.recipe.planner.mapper.IngredientEntityMapperTest" time="0.002"/>
  <testcase name="IngredientEntityToDomain" classname="ch.tbz.recipe.planner.mapper.IngredientEntityMapperTest" time="0.002"/>
</testsuite>